------------------------------------------------------------
2026-05-28 06:58:56 | To: lara@gmail.com
Subject: Your Client Portal Login
Notary Management ProClient Portal AccessDear Lara Lara,Your client portal account is ready.Email: lara@gmail.comTemporary password: sw7z2u9fNrSign in to Client PortalInstructionsWelcome to our client portal. You can view cases, documents, and appointments after signing in.Notary Management Pro
------------------------------------------------------------
2026-06-01 03:17:26 | To: potter@gmail.com
Subject: Your Client Portal Login
Notary Management ProClient Portal AccessDear harry potter,Your client portal account is ready.Use your existing portal password with email potter@gmail.com.Sign in to Client PortalInstructionsWelcome to our client portal. You can view cases, documents, and appointments after signing in.Notary Management Pro
------------------------------------------------------------
2026-05-31 12:58:22 | To: Louismac@gmail.com
Subject: Appointment: Doc Signing
Notary Management ProAppointment ScheduledDear Louis Macwell,An appointment has been scheduled for you.Doc SigningWhen: May 31, 2026 8:57 PMLocation: ZoomTest CaseAdd to Google CalendarAdd to Outlook CalendarDownload Calendar FileView in Client PortalNotary Management Pro
------------------------------------------------------------
2026-06-01 04:37:45 | To: lara@gmail.com
Subject: Cancelled appointment: Document
Notary Management ProAppointment CancelledDear Lara Lara,Your appointment has been cancelled.DocumentWhen: Jun 11, 2026 12:29 PMLocation: officeView in Client PortalNotary Management Pro
------------------------------------------------------------
2026-06-01 04:49:23 | To: potter@gmail.com
Subject: Your Client Portal Login
Notary Management ProClient Portal AccessDear harry potter,Your client portal account is ready.Use your existing portal password with email potter@gmail.com.Sign in to Client PortalNotary Management Pro
------------------------------------------------------------
2026-06-01 04:50:35 | To: potter@gmail.com
Subject: Appointment: Theft
Notary Management ProAppointment ScheduledDear harry potter,An appointment has been scheduled for you.TheftWhen: Jun 03, 2026 12:50 PMLocation: officeAdd to Google CalendarAdd to Outlook CalendarDownload Calendar FileView in Client PortalNotary Management Pro
------------------------------------------------------------
2026-06-01 04:59:52 | To: stefan@gmail.com
Subject: Your Client Portal Login
Notary Management ProClient Portal AccessDear Stefan Salvatore,Your client portal account is ready.Use your existing portal password with email stefan@gmail.com.Sign in to Client PortalInstructionsWelcome to our client portal. You can view cases, documents, and appointments after signing in.Notary Management Pro
------------------------------------------------------------
2026-06-01 05:39:07 | To: sarah.mitchell@email.com
Subject: Cancelled appointment: Initial Consultation
Notary Management ProAppointment CancelledDear Sarah Mitchell,Your appointment has been cancelled.Initial ConsultationWhen: May 29, 2026 10:00 AMLocation: To be confirmedView in Client PortalNotary Management Pro
------------------------------------------------------------
2026-06-01 06:25:05 | To: stefan@gmail.com
Subject: Your Client Portal Login
Notary Management ProClient Portal AccessDear Stefan Salvatore,Your client portal account is ready.Use your existing portal password with email stefan@gmail.com.Sign in to Client PortalNotary Management Pro
------------------------------------------------------------
2026-06-01 07:06:48 | To: potter@gmail.com
Subject: Appointment: Theft
Notary Management ProAppointment ScheduledDear harry potter,An appointment has been scheduled for you.TheftWhen: Jun 02, 2026 3:06 PMLocation: officeAdd to Google CalendarAdd to Outlook CalendarDownload Calendar FileView in Client PortalNotary Management Pro
------------------------------------------------------------
2026-06-01 07:12:16 | To: potter@gmail.com
Subject: Cancelled appointment: Document signing metting
Notary Management ProAppointment CancelledDear harry potter,Your appointment has been cancelled.Document signing mettingWhen: Jun 05, 2026 12:28 PMLocation: zoomView in Client PortalNotary Management Pro
------------------------------------------------------------
2026-06-01 07:12:25 | To: potter@gmail.com
Subject: Cancelled appointment: Theft
Notary Management ProAppointment CancelledDear harry potter,Your appointment has been cancelled.TheftWhen: Jun 03, 2026 12:50 PMLocation: officeView in Client PortalNotary Management Pro
------------------------------------------------------------
2026-06-01 07:28:50 | To: potter@gmail.com
Subject: Your Quotation — CASE-2026-0006
Notary Management ProQuotation — propertyDear harry potter,Please find your quotation QUO-2026-0005 for case CASE-2026-0006.Services:property — £ 5,000.00Total: £ 5,000.00Log in to your client portal to review documents and next steps.Open Client PortalNotary Management Pro
Attachments: C:\wamp64\www\casenotary\admin\config/../uploads/cases/8/generated/quotation_5.html
------------------------------------------------------------
2026-06-01 07:28:52 | To: potter@gmail.com
Subject: Your Client Portal Login
Notary Management ProClient Portal AccessDear harry potter,Your client portal account is ready.Use your existing portal password with email potter@gmail.com.Sign in to Client PortalNotary Management Pro
------------------------------------------------------------
2026-06-01 07:34:08 | To: sarah.mitchell@email.com
Subject: Appointment: Theft
Notary Management ProAppointment ScheduledDear Sarah Mitchell,An appointment has been scheduled for you.TheftWhen: Jun 02, 2026 3:06 PMLocation: officeAdd to Google CalendarAdd to Outlook CalendarDownload Calendar FileView in Client PortalNotary Management Pro
------------------------------------------------------------
2026-06-01 07:35:06 | To: potter@gmail.com
Subject: Appointment: document
Notary Management ProAppointment ScheduledDear harry potter,An appointment has been scheduled for you.documentWhen: Jun 03, 2026 4:35 PMLocation: officeAdd to Google CalendarAdd to Outlook CalendarDownload Calendar FileView in Client PortalNotary Management Pro
------------------------------------------------------------
2026-06-01 07:42:12 | To: potter@gmail.com
Subject: Your Quotation — CASE-2026-0007
Notary Management ProQuotation — propDear harry potter,Please find your quotation QUO-2026-0006 for case CASE-2026-0007.Services:property — £ 500.02Total: £ 500.02Log in to your client portal to review documents and next steps.Open Client PortalNotary Management Pro
Attachments: C:\wamp64\www\casenotary\admin\config/../uploads/cases/9/generated/quotation_6.html
------------------------------------------------------------
2026-06-01 07:42:14 | To: potter@gmail.com
Subject: Your Client Portal Login
Notary Management ProClient Portal AccessDear harry potter,Your client portal account is ready.Use your existing portal password with email potter@gmail.com.Sign in to Client PortalInstructionsBring docsNotary Management Pro
------------------------------------------------------------
2026-06-01 08:56:00 | To: Louismac@gmail.com
Subject: Appointment: doc
Notary Management ProAppointment ScheduledDear Louis Macwell,An appointment has been scheduled for you.docWhen: Jun 10, 2026 12:00 PMLocation: ZoomAdd to Google CalendarAdd to Outlook CalendarDownload Calendar FileView in Client PortalNotary Management Pro
------------------------------------------------------------
2026-06-02 02:53:32 | To: Louismac@gmail.com
Subject: Cancelled appointment: signing
Notary Management ProAppointment CancelledDear Louis Macwell,Your appointment has been cancelled.signingWhen: Jun 02, 2026 2:44 PMLocation: ZoomView in Client PortalNotary Management Pro
------------------------------------------------------------
2026-06-02 03:01:24 | To: Louismac@gmail.com
Subject: Updated appointment: doc
Notary Management ProAppointment UpdatedDear Louis Macwell,Your appointment details have been updated.docWhen: Jun 10, 2026 12:00 PMLocation: ZoomAdd to Google CalendarAdd to Outlook CalendarDownload Calendar FileView in Client PortalNotary Management Pro
------------------------------------------------------------
2026-06-02 03:01:42 | To: Louismac@gmail.com
Subject: Updated appointment: doc
Notary Management ProAppointment UpdatedDear Louis Macwell,Your appointment details have been updated.docWhen: Jun 10, 2026 12:00 PMLocation: ZoomAdd to Google CalendarAdd to Outlook CalendarDownload Calendar FileView in Client PortalNotary Management Pro
------------------------------------------------------------
2026-06-02 03:10:19 | To: Louismac@gmail.com
Subject: Updated appointment: doc
Notary Management ProAppointment UpdatedDear Louis Macwell,Your appointment details have been updated.docWhen: Jun 10, 2026 12:00 PMLocation: ZoomAdd to Google CalendarAdd to Outlook CalendarDownload Calendar FileView in Client PortalNotary Management Pro
------------------------------------------------------------
2026-06-02 03:12:49 | To: Louismac@gmail.com
Subject: Appointment request received — Meeting
Notary Management ProAppointment Request ReceivedDear Louis Macwell,We received your appointment request and will review it shortly. You will be notified once it is confirmed.MeetingPreferred time: Jun 11, 2026 12:00 PMLocation: OfficeView in Client PortalNotary Management Pro
------------------------------------------------------------
2026-06-02 03:12:51 | To: office@notary.local
Subject: New appointment request — Louis Macwell
Notary Management ProNew Appointment RequestClient: Louis MacwellEmail: Louismac@gmail.comMeetingPreferred time: Jun 11, 2026 12:00 PMLocation: OfficeReview in Admin PortalNotary Management Pro
------------------------------------------------------------
2026-06-02 06:42:42 | To: potter@gmail.com
Subject: Client Letter — CASE-2026-0007
Eagle CompanyClient Letter — propDear harry potter,Please find your client letter for case CASE-2026-0007 attached.This letter confirms your case details and accompanies your quotation. Log in to your client portal to review documents and next steps.Open Client PortalEagle Company
Attachments: C:\wamp64\www\casenotary\admin\config/../uploads/cases/9/generated/client_letter.html
------------------------------------------------------------
2026-06-02 06:46:04 | To: sarah.mitchell@email.com
Subject: Client Letter — CASE-2026-0004
Eagle CompanyClient Letter — Smith Property TransferDear Sarah Mitchell,Please find your client letter for case CASE-2026-0004 attached.This letter confirms your case details and accompanies your quotation. Log in to your client portal to review documents and next steps.Open Client PortalEagle Company
Attachments: C:\wamp64\www\casenotary\admin\config/../uploads/cases/4/generated/client_letter.html
------------------------------------------------------------
2026-06-02 13:11:55 | To: Louismac@gmail.com
Subject: Cancelled appointment: Meeting
Notary Management ProAppointment CancelledDear Louis Macwell,Your appointment has been cancelled.MeetingWhen: Jun 11, 2026 12:00 PMLocation: OfficeView in Client PortalNotary Management Pro
------------------------------------------------------------
2026-06-02 14:44:29 | To: Louismac@gmail.com
Subject: Your Quotation — CASE-2026-0007
Notary Management ProQuotation — PROPDear Louis Macwell,Please find your quotation QUO-2026-0001 for case CASE-2026-0007.Services:Disbursement (Non-VAT) — £ 2,000.00 + rate £ 100.00 = £ 2,100.00Notarisation (VAT) — £ 3,000.00 + VAT £ 600.00VAT total: £ 600.00Total fee: £ 5,700.00Log in to your client portal to review documents and next steps.Open Client PortalNotary Management Pro
Attachments: C:\wamp64\www\casenotary\admin\config/../uploads/cases/7/generated/quotation_1.html
------------------------------------------------------------
2026-06-02 14:44:31 | To: Louismac@gmail.com
Subject: Your Client Portal Login
Notary Management ProClient Portal AccessDear Louis Macwell,Your client portal account is ready.Use your existing portal password with email Louismac@gmail.com.Sign in to Client PortalInstructionsIDNotary Management Pro
------------------------------------------------------------
2026-06-03 04:57:05 | To: wellmy@gmail.com
Subject: Your Client Portal Login
Nexa DigitalClient Portal AccessDear Sammy well,Your client portal account is ready.Use your existing portal password with email wellmy@gmail.com.Sign in to Client PortalInstructionsWelcome to our client portal. You can view cases, documents, and appointments after signing in.Nexa Digital
------------------------------------------------------------
2026-06-03 06:34:38 | To: wellmy@gmail.com
Subject: Your Quotation — CASE-2026-0001
Nexa DigitalQuotation — TranferDear Sammy well,Please find your quotation QUO-2026-0002 for case CASE-2026-0001.Services:Disbursement (Non-VAT) — £ 1,000.00 + rate £ 50.00 = £ 1,050.00Notarisation (VAT) — £ 5,000.00 + VAT £ 1,000.00VAT total: £ 1,000.00Total fee: £ 7,050.00Log in to your client portal to review documents and next steps.Open Client PortalNexa Digital
Attachments: C:\wamp64\www\casenotary\admin\config/../uploads/cases/9/generated/quotation_2.html
------------------------------------------------------------
2026-06-03 06:34:40 | To: wellmy@gmail.com
Subject: Your Client Portal Login
Nexa DigitalClient Portal AccessDear Sammy well,Your client portal account is ready.Use your existing portal password with email wellmy@gmail.com.Sign in to Client PortalNexa Digital
------------------------------------------------------------
2026-06-08 02:55:48 | To: wellmy@gmail.com
Subject: Appointment: Signing
Nexa DigitalAppointment ScheduledDear Sammy well,An appointment has been scheduled for you.SigningWhen: Jun 10, 2026 10:00 AMLocation: OfficeAdd to Google CalendarAdd to Outlook CalendarDownload Calendar FileView in Client PortalNexa Digital
------------------------------------------------------------
2026-06-09 03:55:05 | To: jefftur@gmail.com
Subject: Your Client Portal Login
Creative DesignClient Portal AccessDear Jeff Satur,Your client portal account is ready.Use your existing portal password with email jefftur@gmail.com.Sign in to Client PortalInstructionsWelcome to our client portal. You can view cases, documents, and appointments after signing in.Creative Design
------------------------------------------------------------
2026-06-09 03:57:15 | To: liz@gmail.com
Subject: Your Client Portal Login
Creative DesignClient Portal AccessDear Lisa Pond,Your client portal account is ready.Use your existing portal password with email liz@gmail.com.Sign in to Client PortalInstructionsWelcome to our client portal. You can view cases, documents, and appointments after signing in.Creative Design
------------------------------------------------------------
2026-06-09 03:59:19 | To: jefftur@gmail.com
Subject: Your Quotation — CASE-2026-0001
Creative DesignQuotation — Transfer of PropertiesDear Jeff Satur,Please find your quotation QUO-2026-0003 for case CASE-2026-0001.Services:Test (Non-VAT) — £ 2,500.00 + rate £ 75.00 = £ 2,575.00Test2 (VAT) — £ 4,000.00 + VAT £ 600.00VAT total: £ 600.00Total fee: £ 7,175.00Log in to your client portal to review documents and next steps.Open Client PortalCreative Design
Attachments: C:\wamp64\www\casenotary\admin\config/../uploads/cases/10/generated/quotation_3.html
------------------------------------------------------------
2026-06-09 03:59:21 | To: jefftur@gmail.com
Subject: Your Client Portal Login
Creative DesignClient Portal AccessDear Jeff Satur,Your client portal account is ready.Use your existing portal password with email jefftur@gmail.com.Sign in to Client PortalInstructionsDocs &amp; IDCreative Design
------------------------------------------------------------
2026-06-09 04:02:58 | To: jefftur@gmail.com
Subject: Appointment: Meeting Concerning Property Transfer
Creative DesignAppointment ScheduledDear Jeff Satur,An appointment has been scheduled for you.Meeting Concerning Property TransferWhen: Jun 30, 2026 9:00 AMLocation: ZoomAdd to Google CalendarAdd to Outlook CalendarDownload Calendar FileView in Client PortalCreative Design
------------------------------------------------------------
2026-06-09 04:03:00 | To: jefftur@gmail.com
Subject: Appointment scheduled
Appointment scheduledHi there,Appointment scheduledMeeting Concerning Property Transfer — Jun 30, 2026 9:00 AMOpen in portalYou can change notification preferences under Settings → Notification Preferences.
------------------------------------------------------------
2026-06-09 04:03:02 | To: admin@admin.com
Subject: Appointment scheduled
Appointment scheduledHi Admin User,Appointment scheduledJeff Satur — Meeting Concerning Property Transfer (Jun 30, 2026 9:00 AM)Open in portalYou can change notification preferences under Settings → Notification Preferences.
------------------------------------------------------------
2026-06-09 04:04:54 | To: liz@gmail.com
Subject: Your Quotation — CASE-2026-0002
Creative DesignQuotation — PropDear Lisa Pond,Please find your quotation QUO-2026-0004 for case CASE-2026-0002.Services:Disbursement (Non-VAT) — £ 1,000.00 + rate £ 20.00 = £ 1,020.00Notarisation (VAT) — £ 1,500.00 + VAT £ 180.00VAT total: £ 180.00Total fee: £ 2,700.00Log in to your client portal to review documents and next steps.Open Client PortalCreative Design
Attachments: C:\wamp64\www\casenotary\admin\config/../uploads/cases/11/generated/quotation_4.html
------------------------------------------------------------
2026-06-09 04:04:56 | To: liz@gmail.com
Subject: Your Client Portal Login
Creative DesignClient Portal AccessDear Lisa Pond,Your client portal account is ready.Use your existing portal password with email liz@gmail.com.Sign in to Client PortalCreative Design
------------------------------------------------------------
2026-06-09 04:06:15 | To: liz@gmail.com
Subject: Appointment: Docs Signing
Creative DesignAppointment ScheduledDear Lisa Pond,An appointment has been scheduled for you.Docs SigningWhen: Jun 10, 2026 1:00 PMLocation: OfficeAdd to Google CalendarAdd to Outlook CalendarDownload Calendar FileView in Client PortalCreative Design
------------------------------------------------------------
2026-06-09 04:06:17 | To: liz@gmail.com
Subject: Appointment scheduled
Appointment scheduledHi there,Appointment scheduledDocs Signing — Jun 10, 2026 1:00 PMOpen in portalYou can change notification preferences under Settings → Notification Preferences.
------------------------------------------------------------
2026-06-09 04:06:19 | To: admin@admin.com
Subject: Appointment scheduled
Appointment scheduledHi Admin User,Appointment scheduledLisa Pond — Docs Signing (Jun 10, 2026 1:00 PM)Open in portalYou can change notification preferences under Settings → Notification Preferences.
------------------------------------------------------------
2026-06-09 04:08:31 | To: wellmy@gmail.com
Subject: Invoice generated
Invoice generatedHi there,Invoice generatedINV-2026-0001 — £ 7,050.00Open in portalYou can change notification preferences under Settings → Notification Preferences.
------------------------------------------------------------
2026-06-09 04:08:33 | To: admin@admin.com
Subject: Invoice generated
Invoice generatedHi Admin User,Invoice generatedINV-2026-0001 — £ 7,050.00Open in portalYou can change notification preferences under Settings → Notification Preferences.
------------------------------------------------------------
2026-06-09 04:09:44 | To: liz@gmail.com
Subject: Invoice generated
Invoice generatedHi there,Invoice generatedINV-2026-0001 — £ 2,700.00Open in portalYou can change notification preferences under Settings → Notification Preferences.
------------------------------------------------------------
2026-06-09 04:09:46 | To: admin@admin.com
Subject: Invoice generated
Invoice generatedHi Admin User,Invoice generatedINV-2026-0001 — £ 2,700.00Open in portalYou can change notification preferences under Settings → Notification Preferences.
------------------------------------------------------------
2026-06-09 04:21:42 | To: james.r@email.com
Subject: Appointment: Meeting
FunTurtle CompanyAppointment ScheduledDear James Rodriguez,An appointment has been scheduled for you.MeetingWhen: Jun 29, 2026 11:00 AMLocation: OfficeAdd to Google CalendarAdd to Outlook CalendarDownload Calendar FileView in Client PortalFunTurtle Company
------------------------------------------------------------
2026-06-09 04:21:44 | To: admin@admin.com
Subject: Appointment scheduled
Appointment scheduledHi Admin User,Appointment scheduledJames Rodriguez — Meeting (Jun 29, 2026 11:00 AM)Open in portalYou can change notification preferences under Settings → Notification Preferences.
------------------------------------------------------------
2026-06-09 04:22:17 | To: james.r@email.com
Subject: Updated appointment: Meeting
FunTurtle CompanyAppointment UpdatedDear James Rodriguez,Your appointment details have been updated.MeetingWhen: Jun 29, 2026 11:00 AMLocation: OfficeAdd to Google CalendarAdd to Outlook CalendarDownload Calendar FileView in Client PortalFunTurtle Company
------------------------------------------------------------
2026-06-09 04:22:19 | To: admin@admin.com
Subject: Appointment updated
Appointment updatedHi Admin User,Appointment updatedJames Rodriguez — Meeting (Jun 29, 2026 11:00 AM)Open in portalYou can change notification preferences under Settings → Notification Preferences.
------------------------------------------------------------
2026-06-09 04:26:25 | To: jefftur@gmail.com
Subject: Appointment: docs
Creative DesignAppointment ScheduledDear Jeff Satur,An appointment has been scheduled for you.docsWhen: Jun 26, 2026 4:00 PMLocation: ZoomAdd to Google CalendarAdd to Outlook CalendarDownload Calendar FileView in Client PortalCreative Design
------------------------------------------------------------
2026-06-09 04:26:27 | To: jefftur@gmail.com
Subject: Appointment scheduled
Appointment scheduledHi there,Appointment scheduleddocs — Jun 26, 2026 4:00 PMOpen in portalYou can change notification preferences under Settings → Notification Preferences.
------------------------------------------------------------
2026-06-09 04:26:29 | To: admin@admin.com
Subject: Appointment scheduled
Appointment scheduledHi Admin User,Appointment scheduledJeff Satur — docs (Jun 26, 2026 4:00 PM)Open in portalYou can change notification preferences under Settings → Notification Preferences.
------------------------------------------------------------
2026-06-09 04:32:07 | To: jefftur@gmail.com
Subject: Invoice generated
Invoice generatedHi there,Invoice generatedINV-2026-0002 — £ 7,175.00Open in portalYou can change notification preferences under Settings → Notification Preferences.
------------------------------------------------------------
2026-06-09 04:32:09 | To: admin@admin.com
Subject: Invoice generated
Invoice generatedHi Admin User,Invoice generatedINV-2026-0002 — £ 7,175.00Open in portalYou can change notification preferences under Settings → Notification Preferences.
------------------------------------------------------------
2026-06-09 04:35:22 | To: jefftur@gmail.com
Subject: Client Letter — CASE-2026-0001
Creative DesignClient Letter — Transfer of PropertiesDear Jeff Satur,Please find your client letter for case CASE-2026-0001 attached.This letter confirms your case details and accompanies your quotation. Log in to your client portal to review documents and next steps.Open Client PortalCreative Design
Attachments: C:\wamp64\www\casenotary\admin\config/../uploads/cases/10/letters/letter_1.html
------------------------------------------------------------
2026-06-10 06:50:26 | To: mara@gmail.com
Subject: Your Client Portal Login
NASA CompanyClient Portal AccessDear Amara Patel,Your client portal account is ready.Use your existing portal password with email mara@gmail.com.Sign in to Client PortalInstructionsWelcome to our client portal. You can view cases, documents, and appointments after signing in.NASA Company
------------------------------------------------------------
2026-06-10 06:53:18 | To: mara@gmail.com
Subject: Your Quotation — CASE-2026-0001
NASA CompanyQuotation — Residential ConveyancingDear Amara Patel,Please find your quotation QUO-2026-0005 for case CASE-2026-0001.Services:Authentication of Signatures (Notarization) (Non-VAT) — £ 2,500.00 + rate £ 50.00 = £ 2,550.00Drafting Fees (VAT) — £ 5,000.00 + VAT £ 1,000.00VAT total: £ 1,000.00Total fee: £ 8,550.00Log in to your client portal to review documents and next steps.Open Client PortalNASA Company
Attachments: C:\wamp64\www\casenotary\admin\config/../uploads/cases/12/generated/quotation_5.html
------------------------------------------------------------
2026-06-10 06:53:20 | To: mara@gmail.com
Subject: Your Client Portal Login
NASA CompanyClient Portal AccessDear Amara Patel,Your client portal account is ready.Use your existing portal password with email mara@gmail.com.Sign in to Client PortalNASA Company
------------------------------------------------------------
2026-06-10 06:53:23 | To: mara@gmail.com
Subject: Client Letter — CASE-2026-0001
NASA CompanyClient Letter — Residential ConveyancingDear Amara Patel,Please find your client letter for case CASE-2026-0001 attached.This letter confirms your case details and accompanies your quotation. Log in to your client portal to review documents and next steps.Open Client PortalNASA Company
Attachments: C:\wamp64\www\casenotary\admin\config/../uploads/cases/12/generated/client_letter.html
------------------------------------------------------------
2026-06-10 06:53:25 | To: mara@gmail.com
Subject: Your Quotation — CASE-2026-0002
NASA CompanyQuotation — Residential ConveyancingDear Amara Patel,Please find your quotation QUO-2026-0006 for case CASE-2026-0002.Services:Authentication of Signatures (Notarization) (Non-VAT) — £ 2,500.00 + rate £ 50.00 = £ 2,550.00Drafting Fees (VAT) — £ 5,000.00 + VAT £ 1,000.00VAT total: £ 1,000.00Total fee: £ 8,550.00Log in to your client portal to review documents and next steps.Open Client PortalNASA Company
Attachments: C:\wamp64\www\casenotary\admin\config/../uploads/cases/13/generated/quotation_6.html
------------------------------------------------------------
2026-06-10 06:53:27 | To: mara@gmail.com
Subject: Your Client Portal Login
NASA CompanyClient Portal AccessDear Amara Patel,Your client portal account is ready.Use your existing portal password with email mara@gmail.com.Sign in to Client PortalNASA Company
------------------------------------------------------------
2026-06-10 06:53:29 | To: mara@gmail.com
Subject: Client Letter — CASE-2026-0002
NASA CompanyClient Letter — Residential ConveyancingDear Amara Patel,Please find your client letter for case CASE-2026-0002 attached.This letter confirms your case details and accompanies your quotation. Log in to your client portal to review documents and next steps.Open Client PortalNASA Company
Attachments: C:\wamp64\www\casenotary\admin\config/../uploads/cases/13/generated/client_letter.html
------------------------------------------------------------
2026-06-10 06:53:48 | To: mara@gmail.com
Subject: Client Letter — CASE-2026-0002
NASA CompanyClient Letter — Residential ConveyancingDear Amara Patel,Please find your client letter for case CASE-2026-0002 attached.This letter confirms your case details and accompanies your quotation. Log in to your client portal to review documents and next steps.Open Client PortalNASA Company
Attachments: C:\wamp64\www\casenotary\admin\config/../uploads/cases/13/generated/client_letter.html
